[INFO ] 01-07-2025 13:49:15 [main] LogUtils - Step 1. Navigate to QA Railway Website
[INFO ] 01-07-2025 13:49:15 [main] LogUtils - Step 2. Click on 'Login' tab
[INFO ] 01-07-2025 13:49:15 [main] LogUtils - Click on tab Login
[INFO ] 01-07-2025 13:49:15 [main] LogUtils - Step 3. Login with valid account:
[INFO ] 01-07-2025 13:49:15 [main] LogUtils - Enter username: vffaebxr@sharklasers.com
[INFO ] 01-07-2025 13:49:16 [main] LogUtils - Enter password: minh12345
[INFO ] 01-07-2025 13:49:16 [main] LogUtils - click button: 
[ERROR] 01-07-2025 13:49:18 [main] LogUtils - java.lang.AssertionError: expected [Welcome vffaebxr@sharklasers.com] but found []
[INFO ] 01-07-2025 13:49:18 [main] LogUtils - Screenshot saved to: D:\AGEST\SeleniumExercise\SeleniumLevel1\test-images\com.tests.login.TC01\userCanLogIntoRailwayWithValidUsernameAndPassword_01072025_134918.png
[INFO ] 01-07-2025 13:51:18 [main] LogUtils - Step 1. Navigate to QA Railway Website
[INFO ] 01-07-2025 13:51:18 [main] LogUtils - Step 2. Click on 'Login' tab
[INFO ] 01-07-2025 13:51:18 [main] LogUtils - Click on tab Login
[INFO ] 01-07-2025 13:51:19 [main] LogUtils - Step 3. Login with valid account:
[INFO ] 01-07-2025 13:51:19 [main] LogUtils - Enter username: vffaebxr@sharklasers.com
[INFO ] 01-07-2025 13:51:19 [main] LogUtils - Enter password: minh12345
[INFO ] 01-07-2025 13:51:19 [main] LogUtils - click button: 
[ERROR] 01-07-2025 13:51:21 [main] LogUtils - java.lang.AssertionError: expected [Welcome vffaebxr@sharklasers.com] but found []
[INFO ] 01-07-2025 13:51:21 [main] LogUtils - Screenshot saved to: D:\AGEST\SeleniumExercise\SeleniumLevel1\test-images\com.tests.login.TC01\userCanLogIntoRailwayWithValidUsernameAndPassword_01072025_135121.png
[INFO ] 01-07-2025 13:53:59 [main] LogUtils - Step 1. Navigate to QA Railway Website
[INFO ] 01-07-2025 13:53:59 [main] LogUtils - Step 2. Click on 'Login' tab
[INFO ] 01-07-2025 13:53:59 [main] LogUtils - Click on tab Login
[INFO ] 01-07-2025 13:54:00 [main] LogUtils - Step 3. User doesn't type any words into 'Username' textbox but enter valid information into 'Password' textbox
[INFO ] 01-07-2025 13:54:00 [main] LogUtils - Enter username: 
[INFO ] 01-07-2025 13:54:00 [main] LogUtils - Enter password: minh12345
[INFO ] 01-07-2025 13:54:01 [main] LogUtils - click button: login
[INFO ] 01-07-2025 13:54:02 [main] LogUtils - Error messageThere was a problem with your login and/or errors exist in your form.
[INFO ] 01-07-2025 13:56:23 [main] LogUtils - Step 1. Navigate to QA Railway Website
[INFO ] 01-07-2025 13:56:23 [main] LogUtils - Step 2. Click on 'Login' tab
[INFO ] 01-07-2025 13:56:23 [main] LogUtils - Click on tab Login
[INFO ] 01-07-2025 13:56:24 [main] LogUtils - Step 3. Login with invalid password
[INFO ] 01-07-2025 13:56:24 [main] LogUtils - Enter username: vffaebxr@sharklasers.com
[INFO ] 01-07-2025 13:56:24 [main] LogUtils - Enter password: abc123
[INFO ] 01-07-2025 13:56:25 [main] LogUtils - click button: login
[INFO ] 01-07-2025 13:56:26 [main] LogUtils - Error message: Invalid username or password. Please try again.
[ERROR] 01-07-2025 13:56:26 [main] LogUtils - java.lang.AssertionError: expected [There was a problem with your login and/or errors exist in your form.] but found [Invalid username or password. Please try again.]
[INFO ] 01-07-2025 13:56:26 [main] LogUtils - Screenshot saved to: D:\AGEST\SeleniumExercise\SeleniumLevel1\test-images\com.tests.login.TC03\UserCannotLogIntoRailwayWithInvalidPassword_01072025_135626.png
[INFO ] 01-07-2025 13:58:40 [main] LogUtils - Step 1. Navigate to QA Railway Website
[INFO ] 01-07-2025 13:58:40 [main] LogUtils - Step 2. Click on 'Login' tab
[INFO ] 01-07-2025 13:58:40 [main] LogUtils - Click on tab Login
[INFO ] 01-07-2025 13:58:41 [main] LogUtils - Step 3. Login with valid information into 'Username' textbox except 'Password' textbox and repeat three more times.
[INFO ] 01-07-2025 13:58:41 [main] LogUtils - Enter username: vffaebxr@sharklasers.com
[INFO ] 01-07-2025 13:58:41 [main] LogUtils - Enter password: abc123
[INFO ] 01-07-2025 13:58:42 [main] LogUtils - click button: login
[INFO ] 01-07-2025 13:58:42 [main] LogUtils - Enter username: vffaebxr@sharklasers.com
[INFO ] 01-07-2025 13:58:43 [main] LogUtils - Enter password: abc123
[INFO ] 01-07-2025 13:58:43 [main] LogUtils - click button: login
[INFO ] 01-07-2025 13:58:44 [main] LogUtils - Enter username: vffaebxr@sharklasers.com
[INFO ] 01-07-2025 13:58:45 [main] LogUtils - Enter password: abc123
[INFO ] 01-07-2025 13:58:45 [main] LogUtils - click button: login
[INFO ] 01-07-2025 13:58:47 [main] LogUtils - Enter username: vffaebxr@sharklasers.com
[INFO ] 01-07-2025 13:58:47 [main] LogUtils - Enter password: abc123
[INFO ] 01-07-2025 13:58:48 [main] LogUtils - click button: login
[INFO ] 01-07-2025 13:58:49 [main] LogUtils - Error message: Invalid username or password. Please try again.
[ERROR] 01-07-2025 13:58:49 [main] LogUtils - java.lang.AssertionError: expected [You have used 4 out of 5 login attempts. After all 5 have been used, you will be unable to login for 15 minutes.] but found [Invalid username or password. Please try again.]
[INFO ] 01-07-2025 13:58:49 [main] LogUtils - Screenshot saved to: D:\AGEST\SeleniumExercise\SeleniumLevel1\test-images\com.tests.login.TC05\systemShowsMessageWhenUserEntersWrongPasswordSeveralTimes_01072025_135849.png
[INFO ] 01-07-2025 14:00:29 [main] LogUtils - Step 1. Navigate to QA Railway Website
[INFO ] 01-07-2025 14:00:29 [main] LogUtils - Step 2. Click on 'Login' tab
[INFO ] 01-07-2025 14:00:29 [main] LogUtils - Click on tab Login
[INFO ] 01-07-2025 14:00:30 [main] LogUtils - Step 3. Login with valid account
[INFO ] 01-07-2025 14:00:30 [main] LogUtils - Enter username: vffaebxr@sharklasers.com
[INFO ] 01-07-2025 14:00:30 [main] LogUtils - Enter password: minh12345
[INFO ] 01-07-2025 14:00:31 [main] LogUtils - click button: login
[INFO ] 01-07-2025 14:00:33 [main] LogUtils - Click on tab My ticket
[INFO ] 01-07-2025 14:00:34 [main] LogUtils - Click on tab Change password
[INFO ] 01-07-2025 14:01:56 [main] LogUtils - Step 1. Navigate to QA Railway Website
[INFO ] 01-07-2025 14:01:56 [main] LogUtils - Step 2. Click on 'Register' tab
[INFO ] 01-07-2025 14:01:56 [main] LogUtils - Click on tab Register
[INFO ] 01-07-2025 14:01:57 [main] LogUtils - Step 3. Enter valid information into all fields
[INFO ] 01-07-2025 14:01:57 [main] LogUtils - Step 4. Click on 'Register' button
[INFO ] 01-07-2025 14:01:57 [main] LogUtils - Enter email: 14_01_57minh@gmail.com
[INFO ] 01-07-2025 14:01:57 [main] LogUtils - Enter password: minh12345
[INFO ] 01-07-2025 14:01:57 [main] LogUtils - Enter confirm password: minh12345
[INFO ] 01-07-2025 14:01:58 [main] LogUtils - Enter PID: 27183714777
[INFO ] 01-07-2025 14:01:58 [main] LogUtils - Click button: Register
[INFO ] 01-07-2025 14:03:21 [main] LogUtils - Step 1. Navigate to QA Railway Website
[INFO ] 01-07-2025 14:03:21 [main] LogUtils - Step 2. Click on 'Login' tab
[INFO ] 01-07-2025 14:03:21 [main] LogUtils - Click on tab Login
[INFO ] 01-07-2025 14:03:22 [main] LogUtils - Step 3. Register with an account hasn't been activated.
[INFO ] 01-07-2025 14:03:22 [main] LogUtils - Enter username: minh@gmail.com
[INFO ] 01-07-2025 14:03:22 [main] LogUtils - Enter password: minh12345
[INFO ] 01-07-2025 14:03:22 [main] LogUtils - click button: login
[INFO ] 01-07-2025 14:03:23 [main] LogUtils - Error message: Invalid username or password. Please try again.
[INFO ] 01-07-2025 14:04:32 [main] LogUtils - Step 1. Navigate to QA Railway Website
[INFO ] 01-07-2025 14:04:32 [main] LogUtils - Step 2. Login with valid account
[INFO ] 01-07-2025 14:04:32 [main] LogUtils - Click on tab Login
[INFO ] 01-07-2025 14:04:33 [main] LogUtils - Enter username: vffaebxr@sharklasers.com
[INFO ] 01-07-2025 14:04:34 [main] LogUtils - Enter password: minh12345
[INFO ] 01-07-2025 14:04:34 [main] LogUtils - click button: 
[INFO ] 01-07-2025 14:04:36 [main] LogUtils - Step 3. Click on 'Change Password' tab
[INFO ] 01-07-2025 14:04:36 [main] LogUtils - Step 4. Change password with valid value into all fields.
[INFO ] 01-07-2025 14:04:36 [main] LogUtils - Click on tab Change password
[INFO ] 01-07-2025 14:04:37 [main] LogUtils - Passwordminh12345
[INFO ] 01-07-2025 14:04:37 [main] LogUtils - New Passwordminh12345
[INFO ] 01-07-2025 14:04:37 [main] LogUtils - Confirm Passwordminh12345
[INFO ] 01-07-2025 14:04:37 [main] LogUtils - Click button 
[ERROR] 01-07-2025 14:04:38 [main] LogUtils - java.lang.AssertionError: expected [Your password has been updated] but found [Your password has been updated!]
[INFO ] 01-07-2025 14:04:38 [main] LogUtils - Screenshot saved to: D:\AGEST\SeleniumExercise\SeleniumLevel1\test-images\com.tests.login.TC09\userCanChangePassword_01072025_140438.png
[INFO ] 01-07-2025 14:07:16 [main] LogUtils - Step 1. Navigate to QA Railway Website
[INFO ] 01-07-2025 14:07:16 [main] LogUtils - Step 2. Click on 'Register' tab
[INFO ] 01-07-2025 14:07:16 [main] LogUtils - Click on tab Register
[INFO ] 01-07-2025 14:07:17 [main] LogUtils - Step 3. Register with valid information into all fields except 'Confirm password' is not the same with 'Password'
[INFO ] 01-07-2025 14:07:17 [main] LogUtils - Enter email: minh@gmail.com
[INFO ] 01-07-2025 14:07:17 [main] LogUtils - Enter password: minh12345
[INFO ] 01-07-2025 14:07:18 [main] LogUtils - Enter confirm password: minh
[INFO ] 01-07-2025 14:07:18 [main] LogUtils - Enter PID: 27183714777
[INFO ] 01-07-2025 14:07:18 [main] LogUtils - Click button: Register
[INFO ] 01-07-2025 14:08:54 [main] LogUtils - Step 1. Navigate to QA Railway Website
[INFO ] 01-07-2025 14:08:54 [main] LogUtils - Step 2. Click on 'Register' tab
[INFO ] 01-07-2025 14:08:54 [main] LogUtils - Click on tab Register
[INFO ] 01-07-2025 14:08:55 [main] LogUtils - Step 3. Register with valid email address and leave other fields empty
[INFO ] 01-07-2025 14:08:55 [main] LogUtils - Enter email: minh@gmail.com
[INFO ] 01-07-2025 14:08:55 [main] LogUtils - Enter password: 
[INFO ] 01-07-2025 14:08:55 [main] LogUtils - Enter confirm password: 
[INFO ] 01-07-2025 14:08:56 [main] LogUtils - Enter PID: 
[INFO ] 01-07-2025 14:08:56 [main] LogUtils - Click button: Register
[ERROR] 01-07-2025 14:08:58 [main] LogUtils - java.lang.AssertionError: The following asserts failed:
	expected [Invalid password length.] but found [Invalid password length],
	expected [Invalid ID length.] but found [Invalid ID length]
[INFO ] 01-07-2025 14:08:58 [main] LogUtils - Screenshot saved to: D:\AGEST\SeleniumExercise\SeleniumLevel1\test-images\com.tests.register.TC11\userCannotCreateAccountWhilePasswordAndPIDFieldsAreEmpty_01072025_140858.png
[INFO ] 01-07-2025 14:11:20 [main] LogUtils - Step Pre-condition: Create and activate a new account
[INFO ] 01-07-2025 14:11:20 [main] LogUtils - Step 1. Navigate to QA Railway Login page
[INFO ] 01-07-2025 14:11:20 [main] LogUtils - Click on tab Login
[INFO ] 01-07-2025 14:11:20 [main] LogUtils - Step 2. Click on 'Forgot Password page' link
[INFO ] 01-07-2025 14:11:22 [main] LogUtils - Step 3. Enter the email address of the created account in Pre-condition
[INFO ] 01-07-2025 14:11:25 [main] LogUtils - Step 4. Open mailbox and click on reset password link
[INFO ] 01-07-2025 14:11:44 [main] LogUtils - Step 5. Reset password with new passwords and remove the Password Reset Token
[ERROR] 01-07-2025 14:11:47 [main] LogUtils - java.lang.AssertionError: Error message element does not exist expected [true] but found [false]
[INFO ] 01-07-2025 14:11:47 [main] LogUtils - Screenshot saved to: D:\AGEST\SeleniumExercise\SeleniumLevel1\test-images\com.tests.forgotpassword.TC12\errorsDisplayWhenPasswordResetTokenIsBlankUseUI_01072025_141147.png
[INFO ] 01-07-2025 14:13:33 [main] LogUtils - Step Pre-condition: Create and activate a new account
[INFO ] 01-07-2025 14:13:33 [main] LogUtils - Step 1. Navigate to QA Railway Login page
[INFO ] 01-07-2025 14:13:33 [main] LogUtils - Step 2. Click on 'Forgot Password page' link
[INFO ] 01-07-2025 14:13:33 [main] LogUtils - Click on tab Login
[INFO ] 01-07-2025 14:13:34 [main] LogUtils - Step 3. Enter the email address of the created account in Pre-condition
[INFO ] 01-07-2025 14:13:38 [main] LogUtils - Step 4. Open mailbox and click on reset password link
[ERROR] 01-07-2025 14:13:53 [main] LogUtils - org.openqa.selenium.TimeoutException: Expected condition failed: waiting for element to be clickable: By.xpath: //tr[contains(@class, 'email_unread')]//td[contains(text(),'thanhletraining03@gmail.com')][1] (tried for 10 second(s) with 500 milliseconds interval)
Build info: version: '4.33.0', revision: '2c6aaad03a'
System info: os.name: 'Windows 11', os.arch: 'amd64', os.version: '10.0', java.version: '11.0.27'
Driver info: org.openqa.selenium.chrome.ChromeDriver
Capabilities {acceptInsecureCerts: false, browserName: chrome, browserVersion: 138.0.7204.97, chrome: {chromedriverVersion: 138.0.7204.92 (f079b9bc781e..., userDataDir: C:\Users\ANHMIN~1\AppData\L...}, fedcm:accounts: true, goog:chromeOptions: {debuggerAddress: localhost:51712}, networkConnectionEnabled: false, pageLoadStrategy: normal, platformName: windows, proxy: Proxy(), se:cdp: ws://localhost:51712/devtoo..., se:cdpVersion: 138.0.7204.97, setWindowRect: true, strictFileInteractability: false, timeouts: {implicit: 0, pageLoad: 300000, script: 30000}, unhandledPromptBehavior: dismiss and notify, webauthn:extension:credBlob: true, webauthn:extension:largeBlob: true, webauthn:extension:minPinLength: true, webauthn:extension:prf: true, webauthn:virtualAuthenticators: true}
Session ID: bb99763340e97391eb9d58a45c7d86a7
[INFO ] 01-07-2025 14:13:53 [main] LogUtils - Screenshot saved to: D:\AGEST\SeleniumExercise\SeleniumLevel1\test-images\com.tests.forgotpassword.TC13\errorsDisplayIfPasswordAndConfirmPasswordDontMatchWhenResettingPassword_01072025_141353.png
[INFO ] 01-07-2025 14:14:31 [main] LogUtils - Step Pre-condition: Create and activate a new account
[INFO ] 01-07-2025 14:14:31 [main] LogUtils - Step 1. Navigate to QA Railway Login page
[INFO ] 01-07-2025 14:14:31 [main] LogUtils - Step 2. Click on 'Forgot Password page' link
[INFO ] 01-07-2025 14:14:31 [main] LogUtils - Click on tab Login
[INFO ] 01-07-2025 14:14:32 [main] LogUtils - Step 3. Enter the email address of the created account in Pre-condition
[INFO ] 01-07-2025 14:14:35 [main] LogUtils - Step 4. Open mailbox and click on reset password link
[ERROR] 01-07-2025 14:14:41 [main] LogUtils - org.openqa.selenium.NoSuchElementException: no such element: Unable to locate element: {"method":"partial link text","selector":"http://www.saferailway.somee.com/Account/PasswordReset"}
  (Session info: chrome=138.0.7204.97)
For documentation on this error, please visit: https://www.selenium.dev/documentation/webdriver/troubleshooting/errors#no-such-element-exception
Build info: version: '4.33.0', revision: '2c6aaad03a'
System info: os.name: 'Windows 11', os.arch: 'amd64', os.version: '10.0', java.version: '11.0.27'
Driver info: org.openqa.selenium.chrome.ChromeDriver
Command: [b8e02e8eec70cf20e76590abf96d9708, findElement {using=partial link text, value=http://www.saferailway.somee.com/Account/PasswordReset}]
Capabilities {acceptInsecureCerts: false, browserName: chrome, browserVersion: 138.0.7204.97, chrome: {chromedriverVersion: 138.0.7204.92 (f079b9bc781e..., userDataDir: C:\Users\ANHMIN~1\AppData\L...}, fedcm:accounts: true, goog:chromeOptions: {debuggerAddress: localhost:51793}, networkConnectionEnabled: false, pageLoadStrategy: normal, platformName: windows, proxy: Proxy(), se:cdp: ws://localhost:51793/devtoo..., se:cdpVersion: 138.0.7204.97, setWindowRect: true, strictFileInteractability: false, timeouts: {implicit: 0, pageLoad: 300000, script: 30000}, unhandledPromptBehavior: dismiss and notify, webauthn:extension:credBlob: true, webauthn:extension:largeBlob: true, webauthn:extension:minPinLength: true, webauthn:extension:prf: true, webauthn:virtualAuthenticators: true}
Session ID: b8e02e8eec70cf20e76590abf96d9708
[INFO ] 01-07-2025 14:14:41 [main] LogUtils - Screenshot saved to: D:\AGEST\SeleniumExercise\SeleniumLevel1\test-images\com.tests.forgotpassword.TC13\errorsDisplayIfPasswordAndConfirmPasswordDontMatchWhenResettingPassword_01072025_141441.png
[INFO ] 01-07-2025 14:15:43 [main] LogUtils - Step Pre-condition: Create and activate a new account
[INFO ] 01-07-2025 14:15:43 [main] LogUtils - Step 1. Navigate to QA Railway Login page
[INFO ] 01-07-2025 14:15:43 [main] LogUtils - Step 2. Click on 'Forgot Password page' link
[INFO ] 01-07-2025 14:15:43 [main] LogUtils - Click on tab Login
[INFO ] 01-07-2025 14:15:45 [main] LogUtils - Step 3. Enter the email address of the created account in Pre-condition
[INFO ] 01-07-2025 14:15:48 [main] LogUtils - Step 4. Open mailbox and click on reset password link
[ERROR] 01-07-2025 14:15:56 [main] LogUtils - org.openqa.selenium.NoSuchElementException: no such element: Unable to locate element: {"method":"partial link text","selector":"http://www.saferailway.somee.com/Account/PasswordReset"}
  (Session info: chrome=138.0.7204.97)
For documentation on this error, please visit: https://www.selenium.dev/documentation/webdriver/troubleshooting/errors#no-such-element-exception
Build info: version: '4.33.0', revision: '2c6aaad03a'
System info: os.name: 'Windows 11', os.arch: 'amd64', os.version: '10.0', java.version: '11.0.27'
Driver info: org.openqa.selenium.chrome.ChromeDriver
Command: [5542d2872ed43b5a73ff6cd7edf2e632, findElement {value=http://www.saferailway.somee.com/Account/PasswordReset, using=partial link text}]
Capabilities {acceptInsecureCerts: false, browserName: chrome, browserVersion: 138.0.7204.97, chrome: {chromedriverVersion: 138.0.7204.92 (f079b9bc781e..., userDataDir: C:\Users\ANHMIN~1\AppData\L...}, fedcm:accounts: true, goog:chromeOptions: {debuggerAddress: localhost:51855}, networkConnectionEnabled: false, pageLoadStrategy: normal, platformName: windows, proxy: Proxy(), se:cdp: ws://localhost:51855/devtoo..., se:cdpVersion: 138.0.7204.97, setWindowRect: true, strictFileInteractability: false, timeouts: {implicit: 0, pageLoad: 300000, script: 30000}, unhandledPromptBehavior: dismiss and notify, webauthn:extension:credBlob: true, webauthn:extension:largeBlob: true, webauthn:extension:minPinLength: true, webauthn:extension:prf: true, webauthn:virtualAuthenticators: true}
Session ID: 5542d2872ed43b5a73ff6cd7edf2e632
[INFO ] 01-07-2025 14:15:56 [main] LogUtils - Screenshot saved to: D:\AGEST\SeleniumExercise\SeleniumLevel1\test-images\com.tests.forgotpassword.TC13\errorsDisplayIfPasswordAndConfirmPasswordDontMatchWhenResettingPassword_01072025_141556.png
[INFO ] 01-07-2025 14:16:35 [main] LogUtils - Step Pre-condition: Create and activate a new account
[INFO ] 01-07-2025 14:16:35 [main] LogUtils - Step 1. Navigate to QA Railway Login page
[INFO ] 01-07-2025 14:16:35 [main] LogUtils - Step 2. Click on 'Forgot Password page' link
[INFO ] 01-07-2025 14:16:35 [main] LogUtils - Click on tab Login
[INFO ] 01-07-2025 14:16:36 [main] LogUtils - Step 3. Enter the email address of the created account in Pre-condition
[INFO ] 01-07-2025 14:16:39 [main] LogUtils - Step 4. Open mailbox and click on reset password link
[INFO ] 01-07-2025 14:16:49 [main] LogUtils - Step 5. Reset password different values for password fields
[INFO ] 01-07-2025 14:20:19 [main] LogUtils - Step Pre-condition: Create and activate a new account
[INFO ] 01-07-2025 14:20:19 [main] LogUtils - Step 1. Navigate to QA Railway Login page
[INFO ] 01-07-2025 14:20:19 [main] LogUtils - Step 2. Click on 'Forgot Password page' link
[INFO ] 01-07-2025 14:20:19 [main] LogUtils - Click on tab Login
[INFO ] 01-07-2025 14:20:20 [main] LogUtils - Step 3. Enter the email address of the created account in Pre-condition
[INFO ] 01-07-2025 14:20:23 [main] LogUtils - Step 4. Open mailbox and click on reset password link
[INFO ] 01-07-2025 14:20:36 [main] LogUtils - Step 5. Reset password different values for password fields
[INFO ] 01-07-2025 14:20:36 [main] LogUtils - Enter new password: minh12345
[INFO ] 01-07-2025 14:20:36 [main] LogUtils - Enter confirm password: minh
[INFO ] 01-07-2025 14:20:36 [main] LogUtils - Click button: Reset Password
[INFO ] 01-07-2025 14:22:03 [main] LogUtils - Step Pre-condition: Create and activate a new account
[INFO ] 01-07-2025 14:22:03 [main] LogUtils - Step 1. Navigate to QA Railway Website
[INFO ] 01-07-2025 14:22:03 [main] LogUtils - Click on tab Login
[INFO ] 01-07-2025 14:22:03 [main] LogUtils - Step 2. Login with a valid account
[INFO ] 01-07-2025 14:22:03 [main] LogUtils - Enter username: vffaebxr@sharklasers.com
[INFO ] 01-07-2025 14:22:04 [main] LogUtils - Enter password: minh12345
[INFO ] 01-07-2025 14:22:04 [main] LogUtils - click button: 
[INFO ] 01-07-2025 14:22:05 [main] LogUtils - Click on tab My ticket
[INFO ] 01-07-2025 14:22:06 [main] LogUtils - Step 3. Click on 'Book ticket' tab
[INFO ] 01-07-2025 14:22:06 [main] LogUtils - Click on tab Book ticket
[INFO ] 01-07-2025 14:22:07 [main] LogUtils - Step 4. Book a ticket
[INFO ] 01-07-2025 14:22:07 [main] LogUtils - Select a 'Depart date' from the list
[INFO ] 01-07-2025 14:22:08 [main] LogUtils - Select Huế for 'Depart from' and Quảng Ngãi for 'Arrive at'.
[INFO ] 01-07-2025 14:22:09 [main] LogUtils - Select Soft bed with air conditioner for 'Seat type'
[INFO ] 01-07-2025 14:22:09 [main] LogUtils - Select 1 for 'Ticket amount'
[INFO ] 01-07-2025 14:22:10 [main] LogUtils - Click on 'Book ticket' button
[INFO ] 01-07-2025 14:22:11 [main] LogUtils - Click on tab My ticket
[INFO ] 01-07-2025 14:23:58 [main] LogUtils - Step Pre-condition: Create and activate a new account
[INFO ] 01-07-2025 14:23:58 [main] LogUtils - Step 1. Navigate to QA Railway Website
[INFO ] 01-07-2025 14:23:58 [main] LogUtils - Step 2. Login with a valid account
[INFO ] 01-07-2025 14:23:58 [main] LogUtils - Click on tab Login
[INFO ] 01-07-2025 14:23:58 [main] LogUtils - Enter username: vffaebxr@sharklasers.com
[INFO ] 01-07-2025 14:23:59 [main] LogUtils - Enter password: minh12345
[INFO ] 01-07-2025 14:23:59 [main] LogUtils - click button: 
[INFO ] 01-07-2025 14:24:01 [main] LogUtils - Step 3. Book a ticket
[INFO ] 01-07-2025 14:24:01 [main] LogUtils - Click on tab Book ticket
[INFO ] 01-07-2025 14:24:02 [main] LogUtils - Select a 'Depart date' from the list
[INFO ] 01-07-2025 14:24:02 [main] LogUtils - Select Đà Nẵng for 'Depart from' and Huế for 'Arrive at'.
[INFO ] 01-07-2025 14:24:03 [main] LogUtils - Select Soft bed with air conditioner for 'Seat type'
[INFO ] 01-07-2025 14:24:04 [main] LogUtils - Select 2 for 'Ticket amount'
[INFO ] 01-07-2025 14:24:04 [main] LogUtils - Click on 'Book ticket' button
[INFO ] 01-07-2025 14:24:05 [main] LogUtils - Step 4. Click on 'My ticket' tab
[INFO ] 01-07-2025 14:24:05 [main] LogUtils - Click on tab My ticket
[INFO ] 01-07-2025 14:24:07 [main] LogUtils - Click on 'Cancel' button of ticket which user want to cancel.
[INFO ] 01-07-2025 14:24:07 [main] LogUtils - Click on 'OK' button on Confirmation message 'Are you sure?'
[INFO ] 01-07-2025 14:24:11 [main] LogUtils - Step Pre-condition: Create and activate a new account
[INFO ] 01-07-2025 14:24:11 [main] LogUtils - Step 1. Navigate to QA Railway Website
[INFO ] 01-07-2025 14:24:11 [main] LogUtils - Step 2. Login with a valid account
[INFO ] 01-07-2025 14:24:11 [main] LogUtils - Click on tab Login
[INFO ] 01-07-2025 14:24:12 [main] LogUtils - Enter username: vffaebxr@sharklasers.com
[INFO ] 01-07-2025 14:24:12 [main] LogUtils - Enter password: minh12345
[INFO ] 01-07-2025 14:24:13 [main] LogUtils - click button: 
[INFO ] 01-07-2025 14:24:15 [main] LogUtils - Step 3. Book a ticket
[INFO ] 01-07-2025 14:24:15 [main] LogUtils - Click on tab Book ticket
[INFO ] 01-07-2025 14:24:15 [main] LogUtils - Select a 'Depart date' from the list
[INFO ] 01-07-2025 14:24:16 [main] LogUtils - Select Quảng Ngãi for 'Depart from' and Sài Gòn for 'Arrive at'.
[INFO ] 01-07-2025 14:24:17 [main] LogUtils - Select Soft bed for 'Seat type'
[INFO ] 01-07-2025 14:24:17 [main] LogUtils - Select 1 for 'Ticket amount'
[INFO ] 01-07-2025 14:24:18 [main] LogUtils - Click on 'Book ticket' button
[INFO ] 01-07-2025 14:24:19 [main] LogUtils - Step 4. Click on 'My ticket' tab
[INFO ] 01-07-2025 14:24:19 [main] LogUtils - Click on tab My ticket
[INFO ] 01-07-2025 14:24:20 [main] LogUtils - Click on 'Cancel' button of ticket which user want to cancel.
[INFO ] 01-07-2025 14:24:20 [main] LogUtils - Click on 'OK' button on Confirmation message 'Are you sure?'
[INFO ] 01-07-2025 14:24:25 [main] LogUtils - Step Pre-condition: Create and activate a new account
[INFO ] 01-07-2025 14:24:25 [main] LogUtils - Step 1. Navigate to QA Railway Website
[INFO ] 01-07-2025 14:24:25 [main] LogUtils - Step 2. Login with a valid account
[INFO ] 01-07-2025 14:24:25 [main] LogUtils - Click on tab Login
[INFO ] 01-07-2025 14:24:26 [main] LogUtils - Enter username: vffaebxr@sharklasers.com
[INFO ] 01-07-2025 14:24:26 [main] LogUtils - Enter password: minh12345
[INFO ] 01-07-2025 14:24:27 [main] LogUtils - click button: 
[INFO ] 01-07-2025 14:24:29 [main] LogUtils - Step 3. Book a ticket
[INFO ] 01-07-2025 14:24:29 [main] LogUtils - Click on tab Book ticket
[INFO ] 01-07-2025 14:24:30 [main] LogUtils - Select a 'Depart date' from the list
[INFO ] 01-07-2025 14:24:30 [main] LogUtils - Select Huế for 'Depart from' and Đà Nẵng for 'Arrive at'.
[INFO ] 01-07-2025 14:24:31 [main] LogUtils - Select Hard bed for 'Seat type'
[INFO ] 01-07-2025 14:24:32 [main] LogUtils - Select 1 for 'Ticket amount'
[INFO ] 01-07-2025 14:24:32 [main] LogUtils - Click on 'Book ticket' button
[INFO ] 01-07-2025 14:24:33 [main] LogUtils - Step 4. Click on 'My ticket' tab
[INFO ] 01-07-2025 14:24:33 [main] LogUtils - Click on tab My ticket
[INFO ] 01-07-2025 14:24:35 [main] LogUtils - Click on 'Cancel' button of ticket which user want to cancel.
[INFO ] 01-07-2025 14:24:35 [main] LogUtils - Click on 'OK' button on Confirmation message 'Are you sure?'
